wu: 0, q_u: 5, q_s: 10.0789172850349
wu: 0, q_u: 5, q_s: 20.0639793176135
wu: 0, q_u: 5, q_s: 30.0556715690004
wu: 0, q_u: 6, q_s: 10.0789172850349
wu: 0, q_u: 6, q_s: 20.0639793176135
wu: 0, q_u: 6, q_s: 30.0556715690004
wu: 0.1, q_u: 5, q_s: 10.0791256183683
wu: 0.1, q_u: 5, q_s: 20.0639793176135
wu: 0.1, q_u: 5, q_s: 30.0554202126781
wu: 0.1, q_u: 6, q_s: 10.0791256183683
wu: 0.1, q_u: 6, q_s: 20.0639793176135
wu: 0.1, q_u: 6, q_s: 30.0553136419033
wu: 0.2, q_u: 5, q_s: 10.0791256183683
wu: 0.2, q_u: 5, q_s: 20.06461884304
wu: 0.2, q_u: 5, q_s: 30.0555169058176
wu: 0.2, q_u: 6, q_s: 10.0791256183683
wu: 0.2, q_u: 6, q_s: 20.0639793176135
wu: 0.2, q_u: 6, q_s: 30.0554099151953
wu: 0.3, q_u: 5, q_s: 10.0791256183683
wu: 0.3, q_u: 5, q_s: 20.0646744514286
wu: 0.3, q_u: 5, q_s: 30.0562234746111
wu: 0.3, q_u: 6, q_s: 10.0791256183683
wu: 0.3, q_u: 6, q_s: 20.0639793176135
wu: 0.3, q_u: 6, q_s: 30.055483167626
wu: 0.4, q_u: 5, q_s: 10.0791256183683
wu: 0.4, q_u: 5, q_s: 20.0646929422286
wu: 0.4, q_u: 5, q_s: 30.0565037163727
wu: 0.4, q_u: 6, q_s: 10.0791256183683
wu: 0.4, q_u: 6, q_s: 20.0640629412153
wu: 0.4, q_u: 6, q_s: 30.0554946092736
