0 5 1 0.0816192483062
0 5 2 0.0676534981742
0 5 3 0.0617692867158
0 6 1 0.0816192483062
0 6 2 0.0676534981742
0 6 3 0.0617692867158
0.1 5 1 0.0818275816395
0.1 5 2 0.0676534981742
0.1 5 3 0.0613112022278
0.1 6 1 0.0818275816395
0.1 6 2 0.0676534981742
0.1 6 3 0.0617692867158
0.2 5 1 0.0818275816395
0.2 5 2 0.0676534981742
0.2 5 3 0.0612690977944
0.2 6 1 0.0818275816395
0.2 6 2 0.0676534981742
0.2 6 3 0.0612360277043
0.3 5 1 0.0817539321006
0.3 5 2 0.0676659205344
0.3 5 3 0.0613825524854
0.3 6 1 0.0818275816395
0.3 6 2 0.0676534981742
0.3 6 3 0.0609436002243
0.4 5 1 0.0817539321006
0.4 5 2 0.0679357791513
0.4 5 3 0.0616420504765
0.4 6 1 0.0818275816395
0.4 6 2 0.0676534981742
0.4 6 3 0.0610801599207
