0 5 1 0.0789172850349
0 5 2 0.0639793176135
0 5 3 0.0556715690004
0 6 1 0.0789172850349
0 6 2 0.0639793176135
0 6 3 0.0556715690004
0.1 5 1 0.0791256183683
0.1 5 2 0.0640367888779
0.1 5 3 0.0554202126781
0.1 6 1 0.0791256183683
0.1 6 2 0.0639793176135
0.1 6 3 0.0553136419033
0.2 5 1 0.0791256183683
0.2 5 2 0.06461884304
0.2 5 3 0.0554946092736
0.2 6 1 0.0791256183683
0.2 6 2 0.0639793176135
0.2 6 3 0.0554099151953
0.3 5 1 0.0791256183683
0.3 5 2 0.0646666780301
0.3 5 3 0.0556307774532
0.3 6 1 0.0791256183683
0.3 6 2 0.0639793176135
0.3 6 3 0.0554202126781
0.4 5 1 0.0791469325387
0.4 5 2 0.0647891319185
0.4 5 3 0.0565272438718
0.4 6 1 0.0791256183683
0.4 6 2 0.0640632874845
0.4 6 3 0.055483167626
