0 5 1 0.0845817108468
0 5 2 0.0723913881958
0 5 3 0.0656112721656
0 6 1 0.0845817108468
0 6 2 0.0723913881958
0 6 3 0.0656112721656
0.1 5 1 0.0846062006427
0.1 5 2 0.0723913881958
0.1 5 3 0.0650859098467
0.1 6 1 0.0845817108468
0.1 6 2 0.0723913881958
0.1 6 3 0.0656254807476
0.2 5 1 0.0846077921547
0.2 5 2 0.0723913881958
0.2 5 3 0.0651353118713
0.2 6 1 0.0846062006427
0.2 6 2 0.0723913881958
0.2 6 3 0.065069925192
0.3 5 1 0.0846077921547
0.3 5 2 0.072668272622
0.3 5 3 0.0652542810664
0.3 6 1 0.0846062006427
0.3 6 2 0.0723913881958
0.3 6 3 0.0650859098467
0.4 5 1 0.0846713704846
0.4 5 2 0.0726921617763
0.4 5 3 0.0657460724498
0.4 6 1 0.0846062006427
0.4 6 2 0.0723913881958
0.4 6 3 0.0651074100856
